[debug] [2026-06-13T15:56:57.345Z] ----------------------------------------------------------------------
[debug] [2026-06-13T15:56:57.346Z] Command:       /opt/homebrew/Cellar/node/25.9.0_2/bin/node /opt/homebrew/bin/firebase deploy
[debug] [2026-06-13T15:56:57.347Z] CLI Version:   15.20.0
[debug] [2026-06-13T15:56:57.347Z] Platform:      darwin
[debug] [2026-06-13T15:56:57.347Z] Node Version:  v25.9.0
[debug] [2026-06-13T15:56:57.347Z] Time:          Sat Jun 13 2026 21:26:57 GMT+0530 (India Standard Time)
[debug] [2026-06-13T15:56:57.347Z] ----------------------------------------------------------------------
[debug] 
[debug] [2026-06-13T15:56:57.348Z] >>> [apiv2][query] GET https://firebase-public.firebaseio.com/cli.json [none]
[debug] [2026-06-13T15:56:58.127Z] > command requires scopes: ["email","openid","https://www.googleapis.com/auth/cloudplatformprojects.readonly","https://www.googleapis.com/auth/firebase","https://www.googleapis.com/auth/cloud-platform"]
[debug] [2026-06-13T15:56:58.127Z] > authorizing via signed-in user (surjeet.dash@inc108.com)
[debug] [2026-06-13T15:56:58.127Z] [iam] checking project fin-app26 for permissions ["datastore.indexes.create","datastore.indexes.delete","datastore.indexes.list","datastore.indexes.update","firebase.projects.get","firebasehosting.sites.update"]
[debug] [2026-06-13T15:56:58.127Z] Checked if tokens are valid: false, expires at: 1781302193906
[debug] [2026-06-13T15:56:58.127Z] Checked if tokens are valid: false, expires at: 1781302193906
[debug] [2026-06-13T15:56:58.128Z] > refreshing access token with scopes: []
[debug] [2026-06-13T15:56:58.128Z] >>> [apiv2][query] POST https://www.googleapis.com/oauth2/v3/token [none]
[debug] [2026-06-13T15:56:58.128Z] >>> [apiv2][body] POST https://www.googleapis.com/oauth2/v3/token [omitted]
[debug] [2026-06-13T15:56:58.265Z] <<< [apiv2][status] POST https://www.googleapis.com/oauth2/v3/token 400
[debug] [2026-06-13T15:56:58.265Z] <<< [apiv2][body] POST https://www.googleapis.com/oauth2/v3/token [omitted]
[error] Authentication Error: Your credentials are no longer valid. Please run firebase login --reauth

For CI servers and headless environments, generate a new token with firebase login:ci
[error] Authentication Error: Your credentials are no longer valid. Please run firebase login --reauth

For CI servers and headless environments, generate a new token with firebase login:ci
[debug] [2026-06-13T15:56:58.266Z] [iam] error while checking permissions, command may fail: Authentication Error: Your credentials are no longer valid. Please run firebase login --reauth

For CI servers and headless environments, generate a new token with firebase login:ci
[debug] [2026-06-13T15:56:58.266Z] Checked if tokens are valid: false, expires at: 1781302193906
[debug] [2026-06-13T15:56:58.266Z] Checked if tokens are valid: false, expires at: 1781302193906
[debug] [2026-06-13T15:56:58.266Z] > refreshing access token with scopes: []
[debug] [2026-06-13T15:56:58.266Z] >>> [apiv2][query] POST https://www.googleapis.com/oauth2/v3/token [none]
[debug] [2026-06-13T15:56:58.266Z] >>> [apiv2][body] POST https://www.googleapis.com/oauth2/v3/token [omitted]
[debug] [2026-06-13T15:56:58.433Z] <<< [apiv2][status] POST https://www.googleapis.com/oauth2/v3/token 400
[debug] [2026-06-13T15:56:58.433Z] <<< [apiv2][body] POST https://www.googleapis.com/oauth2/v3/token [omitted]
[error] Authentication Error: Your credentials are no longer valid. Please run firebase login --reauth

For CI servers and headless environments, generate a new token with firebase login:ci
[error] Authentication Error: Your credentials are no longer valid. Please run firebase login --reauth

For CI servers and headless environments, generate a new token with firebase login:ci
[debug] [2026-06-13T15:56:58.434Z] Authentication Error: Your credentials are no longer valid. Please run firebase login --reauth

For CI servers and headless environments, generate a new token with firebase login:ci
[error] 
[error] Error: Assertion failed: resolving hosting target of a site with no site name or target name. This should have caused an error earlier
[debug] [2026-06-13T16:16:35.708Z] ----------------------------------------------------------------------
[debug] [2026-06-13T16:16:35.710Z] Command:       /opt/homebrew/Cellar/node/25.9.0_2/bin/node /opt/homebrew/bin/firebase deploy
[debug] [2026-06-13T16:16:35.710Z] CLI Version:   15.20.0
[debug] [2026-06-13T16:16:35.710Z] Platform:      darwin
[debug] [2026-06-13T16:16:35.710Z] Node Version:  v25.9.0
[debug] [2026-06-13T16:16:35.710Z] Time:          Sat Jun 13 2026 21:46:35 GMT+0530 (India Standard Time)
[debug] [2026-06-13T16:16:35.710Z] ----------------------------------------------------------------------
[debug] 
[debug] [2026-06-13T16:16:35.711Z] >>> [apiv2][query] GET https://firebase-public.firebaseio.com/cli.json [none]
[debug] [2026-06-13T16:16:36.362Z] > command requires scopes: ["email","openid","https://www.googleapis.com/auth/cloudplatformprojects.readonly","https://www.googleapis.com/auth/firebase","https://www.googleapis.com/auth/cloud-platform"]
[debug] [2026-06-13T16:16:36.362Z] > authorizing via signed-in user (surjeet.dash@inc108.com)
[debug] [2026-06-13T16:16:36.362Z] [iam] checking project fin-app26 for permissions ["datastore.indexes.create","datastore.indexes.delete","datastore.indexes.list","datastore.indexes.update","firebase.projects.get","firebasehosting.sites.update"]
[debug] [2026-06-13T16:16:36.362Z] Checked if tokens are valid: false, expires at: 1781302193906
[debug] [2026-06-13T16:16:36.362Z] Checked if tokens are valid: false, expires at: 1781302193906
[debug] [2026-06-13T16:16:36.362Z] > refreshing access token with scopes: []
[debug] [2026-06-13T16:16:36.363Z] >>> [apiv2][query] POST https://www.googleapis.com/oauth2/v3/token [none]
[debug] [2026-06-13T16:16:36.363Z] >>> [apiv2][body] POST https://www.googleapis.com/oauth2/v3/token [omitted]
[debug] [2026-06-13T16:16:36.504Z] <<< [apiv2][status] POST https://www.googleapis.com/oauth2/v3/token 400
[debug] [2026-06-13T16:16:36.505Z] <<< [apiv2][body] POST https://www.googleapis.com/oauth2/v3/token [omitted]
[error] Authentication Error: Your credentials are no longer valid. Please run firebase login --reauth

For CI servers and headless environments, generate a new token with firebase login:ci
[error] Authentication Error: Your credentials are no longer valid. Please run firebase login --reauth

For CI servers and headless environments, generate a new token with firebase login:ci
[debug] [2026-06-13T16:16:36.505Z] [iam] error while checking permissions, command may fail: Authentication Error: Your credentials are no longer valid. Please run firebase login --reauth

For CI servers and headless environments, generate a new token with firebase login:ci
[debug] [2026-06-13T16:16:36.505Z] Checked if tokens are valid: false, expires at: 1781302193906
[debug] [2026-06-13T16:16:36.505Z] Checked if tokens are valid: false, expires at: 1781302193906
[debug] [2026-06-13T16:16:36.505Z] > refreshing access token with scopes: []
[debug] [2026-06-13T16:16:36.505Z] >>> [apiv2][query] POST https://www.googleapis.com/oauth2/v3/token [none]
[debug] [2026-06-13T16:16:36.506Z] >>> [apiv2][body] POST https://www.googleapis.com/oauth2/v3/token [omitted]
[debug] [2026-06-13T16:16:36.672Z] <<< [apiv2][status] POST https://www.googleapis.com/oauth2/v3/token 400
[debug] [2026-06-13T16:16:36.672Z] <<< [apiv2][body] POST https://www.googleapis.com/oauth2/v3/token [omitted]
[error] Authentication Error: Your credentials are no longer valid. Please run firebase login --reauth

For CI servers and headless environments, generate a new token with firebase login:ci
[error] Authentication Error: Your credentials are no longer valid. Please run firebase login --reauth

For CI servers and headless environments, generate a new token with firebase login:ci
[debug] [2026-06-13T16:16:36.673Z] Authentication Error: Your credentials are no longer valid. Please run firebase login --reauth

For CI servers and headless environments, generate a new token with firebase login:ci
[error] 
[error] Error: Assertion failed: resolving hosting target of a site with no site name or target name. This should have caused an error earlier
